2016-12-21 17:45:08 [INFO] Read document "model.mwb"
2016-12-21 17:45:08 [INFO] Processing schema "mydb"
2016-12-21 17:45:08 [INFO] Processing table "course"
2016-12-21 17:45:08 [INFO] Processing column "course.id"
2016-12-21 17:45:08 [INFO] Processing column "course.code"
2016-12-21 17:45:08 [INFO] Processing column "course.createdat"
2016-12-21 17:45:08 [INFO] Processing column "course.teacher"
2016-12-21 17:45:08 [INFO] Processing column "course.email"
2016-12-21 17:45:08 [INFO] Processing column "course.year"
2016-12-21 17:45:08 [INFO] Processing column "course.period"
2016-12-21 17:45:08 [INFO] Processing column "course.accesscode"
2016-12-21 17:45:08 [INFO] Processing column "course.language"
2016-12-21 17:45:08 [INFO] Processing table "session"
2016-12-21 17:45:08 [INFO] Processing column "session.id"
2016-12-21 17:45:08 [INFO] Processing column "session.title"
2016-12-21 17:45:08 [INFO] Processing column "session.detail"
2016-12-21 17:45:08 [INFO] Processing column "session.createdat"
2016-12-21 17:45:08 [INFO] Processing column "session.finishedat"
2016-12-21 17:45:08 [INFO] Processing column "session.order"
2016-12-21 17:45:08 [INFO] Processing column "session.course_id"
2016-12-21 17:45:08 [INFO] Processing table "shortanswer"
2016-12-21 17:45:08 [INFO] Processing column "shortanswer.id"
2016-12-21 17:45:08 [INFO] Processing column "shortanswer.title"
2016-12-21 17:45:08 [INFO] Processing column "shortanswer.detail"
2016-12-21 17:45:08 [INFO] Processing column "shortanswer.createdat"
2016-12-21 17:45:08 [INFO] Processing column "shortanswer.lastchanges"
2016-12-21 17:45:08 [INFO] Processing column "shortanswer.suggestion"
2016-12-21 17:45:08 [INFO] Processing column "shortanswer.active"
2016-12-21 17:45:08 [INFO] Processing column "shortanswer.session_id"
2016-12-21 17:45:08 [INFO] Processing column "shortanswer.course_id"
2016-12-21 17:45:08 [INFO] Processing table "multiplechoice"
2016-12-21 17:45:08 [INFO] Processing column "multiplechoice.id"
2016-12-21 17:45:08 [INFO] Processing column "multiplechoice.title"
2016-12-21 17:45:08 [INFO] Processing column "multiplechoice.detail"
2016-12-21 17:45:08 [INFO] Processing column "multiplechoice.createdat"
2016-12-21 17:45:08 [INFO] Processing column "multiplechoice.lastchanges"
2016-12-21 17:45:08 [INFO] Processing column "multiplechoice.correctoption"
2016-12-21 17:45:08 [INFO] Processing column "multiplechoice.option1"
2016-12-21 17:45:08 [INFO] Processing column "multiplechoice.option2"
2016-12-21 17:45:08 [INFO] Processing column "multiplechoice.option3"
2016-12-21 17:45:08 [INFO] Processing column "multiplechoice.option4"
2016-12-21 17:45:08 [INFO] Processing column "multiplechoice.active"
2016-12-21 17:45:08 [INFO] Processing column "multiplechoice.session_id"
2016-12-21 17:45:08 [INFO] Processing column "multiplechoice.course_id"
2016-12-21 17:45:08 [INFO] Processing table "trueorfalse"
2016-12-21 17:45:08 [INFO] Processing column "trueorfalse.id"
2016-12-21 17:45:08 [INFO] Processing column "trueorfalse.title"
2016-12-21 17:45:08 [INFO] Processing column "trueorfalse.detail"
2016-12-21 17:45:08 [INFO] Processing column "trueorfalse.createdat"
2016-12-21 17:45:08 [INFO] Processing column "trueorfalse.lastchanges"
2016-12-21 17:45:08 [INFO] Processing column "trueorfalse.correctoption"
2016-12-21 17:45:08 [INFO] Processing column "trueorfalse.active"
2016-12-21 17:45:08 [INFO] Processing column "trueorfalse.session_id"
2016-12-21 17:45:08 [INFO] Processing column "trueorfalse.course_id"
2016-12-21 17:45:08 [INFO] Processing table "enrollment"
2016-12-21 17:45:08 [INFO] Processing column "enrollment.id"
2016-12-21 17:45:08 [INFO] Processing column "enrollment.rut"
2016-12-21 17:45:08 [INFO] Processing column "enrollment.course_id"
2016-12-21 17:45:08 [INFO] Processing table "result_shortanswer"
2016-12-21 17:45:08 [INFO] Processing column "result_shortanswer.id"
2016-12-21 17:45:08 [INFO] Processing column "result_shortanswer.createdat"
2016-12-21 17:45:08 [INFO] Processing column "result_shortanswer.rut"
2016-12-21 17:45:08 [INFO] Processing column "result_shortanswer.answer"
2016-12-21 17:45:08 [INFO] Processing column "result_shortanswer.session_id"
2016-12-21 17:45:08 [INFO] Processing column "result_shortanswer.course_id"
2016-12-21 17:45:08 [INFO] Processing column "result_shortanswer.shortanswer_id"
2016-12-21 17:45:08 [INFO] Processing table "user"
2016-12-21 17:45:08 [INFO] Processing column "user.id"
2016-12-21 17:45:08 [INFO] Processing table "result_multiplechoice"
2016-12-21 17:45:08 [INFO] Processing column "result_multiplechoice.id"
2016-12-21 17:45:08 [INFO] Processing column "result_multiplechoice.createdat"
2016-12-21 17:45:08 [INFO] Processing column "result_multiplechoice.rut"
2016-12-21 17:45:08 [INFO] Processing column "result_multiplechoice.iscorrect"
2016-12-21 17:45:08 [INFO] Processing column "result_multiplechoice.session_id"
2016-12-21 17:45:08 [INFO] Processing column "result_multiplechoice.course_id"
2016-12-21 17:45:08 [INFO] Processing column "result_multiplechoice.multiplechoice_id"
2016-12-21 17:45:08 [INFO] Processing column "result_multiplechoice.answer"
2016-12-21 17:45:08 [INFO] Processing table "result_trueorfalse"
2016-12-21 17:45:08 [INFO] Processing column "result_trueorfalse.id"
2016-12-21 17:45:08 [INFO] Processing column "result_trueorfalse.createdat"
2016-12-21 17:45:08 [INFO] Processing column "result_trueorfalse.rut"
2016-12-21 17:45:08 [INFO] Processing column "result_trueorfalse.iscorrect"
2016-12-21 17:45:08 [INFO] Processing column "result_trueorfalse.session_id"
2016-12-21 17:45:08 [INFO] Processing column "result_trueorfalse.course_id"
2016-12-21 17:45:08 [INFO] Processing column "result_trueorfalse.trueorfalse_id"
2016-12-21 17:45:08 [INFO] Processing column "result_trueorfalse.answer"
2016-12-21 17:45:08 [INFO] Processing index "course.PRIMARY"
2016-12-21 17:45:08 [INFO] Processing index "enrollment.PRIMARY"
2016-12-21 17:45:08 [INFO] Processing index "enrollment.fk_enrollment_course_idx"
2016-12-21 17:45:08 [INFO] Processing foreign key "enrollment.fk_enrollment_course"
2016-12-21 17:45:08 [INFO] Mark column enrollment.course_id as foreign reference for course
2016-12-21 17:45:08 [INFO] Mark column course.id as local reference for course
2016-12-21 17:45:08 [INFO] Processing index "multiplechoice.PRIMARY"
2016-12-21 17:45:08 [INFO] Processing index "multiplechoice.fk_multiplechoice_session1_idx"
2016-12-21 17:45:08 [INFO] Processing index "multiplechoice.fk_multiplechoice_course1_idx"
2016-12-21 17:45:08 [INFO] Processing foreign key "multiplechoice.fk_multiplechoice_session1"
2016-12-21 17:45:08 [INFO] Mark column multiplechoice.session_id as foreign reference for session
2016-12-21 17:45:08 [INFO] Mark column session.id as local reference for session
2016-12-21 17:45:08 [INFO] Processing foreign key "multiplechoice.fk_multiplechoice_course1"
2016-12-21 17:45:08 [INFO] Mark column multiplechoice.course_id as foreign reference for course
2016-12-21 17:45:08 [INFO] Mark column course.id as local reference for course
2016-12-21 17:45:08 [INFO] Processing index "result_multiplechoice.PRIMARY"
2016-12-21 17:45:08 [INFO] Processing index "result_multiplechoice.fk_result_session1_idx"
2016-12-21 17:45:08 [INFO] Processing index "result_multiplechoice.fk_result_course1_idx"
2016-12-21 17:45:08 [INFO] Processing index "result_multiplechoice.fk_result_copy1_multiplechoice1_idx"
2016-12-21 17:45:08 [INFO] Processing foreign key "result_multiplechoice.fk_result_session10"
2016-12-21 17:45:08 [INFO] Mark column result_multiplechoice.session_id as foreign reference for session
2016-12-21 17:45:08 [INFO] Mark column session.id as local reference for session
2016-12-21 17:45:08 [INFO] Processing foreign key "result_multiplechoice.fk_result_course10"
2016-12-21 17:45:08 [INFO] Mark column result_multiplechoice.course_id as foreign reference for course
2016-12-21 17:45:08 [INFO] Mark column course.id as local reference for course
2016-12-21 17:45:08 [INFO] Processing foreign key "result_multiplechoice.fk_result_copy1_multiplechoice1"
2016-12-21 17:45:08 [INFO] Mark column result_multiplechoice.multiplechoice_id as foreign reference for multiplechoice
2016-12-21 17:45:08 [INFO] Mark column multiplechoice.id as local reference for multiplechoice
2016-12-21 17:45:08 [INFO] Processing index "result_shortanswer.PRIMARY"
2016-12-21 17:45:08 [INFO] Processing index "result_shortanswer.fk_result_session1_idx"
2016-12-21 17:45:08 [INFO] Processing index "result_shortanswer.fk_result_course1_idx"
2016-12-21 17:45:08 [INFO] Processing index "result_shortanswer.fk_result_shortanswer1_idx"
2016-12-21 17:45:08 [INFO] Processing foreign key "result_shortanswer.fk_result_session1"
2016-12-21 17:45:08 [INFO] Mark column result_shortanswer.session_id as foreign reference for session
2016-12-21 17:45:08 [INFO] Mark column session.id as local reference for session
2016-12-21 17:45:08 [INFO] Processing foreign key "result_shortanswer.fk_result_course1"
2016-12-21 17:45:08 [INFO] Mark column result_shortanswer.course_id as foreign reference for course
2016-12-21 17:45:08 [INFO] Mark column course.id as local reference for course
2016-12-21 17:45:08 [INFO] Processing foreign key "result_shortanswer.fk_result_shortanswer1"
2016-12-21 17:45:08 [INFO] Mark column result_shortanswer.shortanswer_id as foreign reference for shortanswer
2016-12-21 17:45:08 [INFO] Mark column shortanswer.id as local reference for shortanswer
2016-12-21 17:45:08 [INFO] Processing index "result_trueorfalse.PRIMARY"
2016-12-21 17:45:08 [INFO] Processing index "result_trueorfalse.fk_result_session1_idx"
2016-12-21 17:45:08 [INFO] Processing index "result_trueorfalse.fk_result_course1_idx"
2016-12-21 17:45:08 [INFO] Processing index "result_trueorfalse.fk_result_trueorfalse_trueorfalse1_idx"
2016-12-21 17:45:08 [INFO] Processing foreign key "result_trueorfalse.fk_result_session11"
2016-12-21 17:45:08 [INFO] Mark column result_trueorfalse.session_id as foreign reference for session
2016-12-21 17:45:08 [INFO] Mark column session.id as local reference for session
2016-12-21 17:45:08 [INFO] Processing foreign key "result_trueorfalse.fk_result_course11"
2016-12-21 17:45:08 [INFO] Mark column result_trueorfalse.course_id as foreign reference for course
2016-12-21 17:45:08 [INFO] Mark column course.id as local reference for course
2016-12-21 17:45:08 [INFO] Processing foreign key "result_trueorfalse.fk_result_trueorfalse_trueorfalse1"
2016-12-21 17:45:08 [INFO] Mark column result_trueorfalse.trueorfalse_id as foreign reference for trueorfalse
2016-12-21 17:45:08 [INFO] Mark column trueorfalse.id as local reference for trueorfalse
2016-12-21 17:45:08 [INFO] Processing index "session.PRIMARY"
2016-12-21 17:45:08 [INFO] Processing index "session.fk_session_course1_idx"
2016-12-21 17:45:08 [INFO] Processing foreign key "session.fk_session_course1"
2016-12-21 17:45:08 [INFO] Mark column session.course_id as foreign reference for course
2016-12-21 17:45:08 [INFO] Mark column course.id as local reference for course
2016-12-21 17:45:08 [INFO] Processing index "shortanswer.PRIMARY"
2016-12-21 17:45:08 [INFO] Processing index "shortanswer.fk_shortanswer_session1_idx"
2016-12-21 17:45:08 [INFO] Processing index "shortanswer.fk_shortanswer_course1_idx"
2016-12-21 17:45:08 [INFO] Processing foreign key "shortanswer.fk_shortanswer_session1"
2016-12-21 17:45:08 [INFO] Mark column shortanswer.session_id as foreign reference for session
2016-12-21 17:45:08 [INFO] Mark column session.id as local reference for session
2016-12-21 17:45:08 [INFO] Processing foreign key "shortanswer.fk_shortanswer_course1"
2016-12-21 17:45:08 [INFO] Mark column shortanswer.course_id as foreign reference for course
2016-12-21 17:45:08 [INFO] Mark column course.id as local reference for course
2016-12-21 17:45:08 [INFO] Processing index "trueorfalse.PRIMARY"
2016-12-21 17:45:08 [INFO] Processing index "trueorfalse.fk_trueorfalse_session1_idx"
2016-12-21 17:45:08 [INFO] Processing index "trueorfalse.fk_trueorfalse_course1_idx"
2016-12-21 17:45:08 [INFO] Processing foreign key "trueorfalse.fk_trueorfalse_session1"
2016-12-21 17:45:08 [INFO] Mark column trueorfalse.session_id as foreign reference for session
2016-12-21 17:45:08 [INFO] Mark column session.id as local reference for session
2016-12-21 17:45:08 [INFO] Processing foreign key "trueorfalse.fk_trueorfalse_course1"
2016-12-21 17:45:08 [INFO] Mark column trueorfalse.course_id as foreign reference for course
2016-12-21 17:45:08 [INFO] Mark column course.id as local reference for course
2016-12-21 17:45:08 [INFO] Processing index "user.PRIMARY"
2016-12-21 17:45:08 [INFO]   * course: M2M set to false, foreign keys not equal to 2
2016-12-21 17:45:08 [INFO]   * enrollment: M2M set to false, foreign keys not equal to 2
2016-12-21 17:45:08 [INFO]   * session: M2M set to false, foreign keys not equal to 2
2016-12-21 17:45:08 [INFO]   * multiplechoice: M2M set to false, columns are 3 or more
2016-12-21 17:45:08 [INFO]   * result_multiplechoice: M2M set to false, foreign keys not equal to 2
2016-12-21 17:45:08 [INFO]   * result_shortanswer: M2M set to false, foreign keys not equal to 2
2016-12-21 17:45:08 [INFO]   * result_trueorfalse: M2M set to false, foreign keys not equal to 2
2016-12-21 17:45:08 [INFO]   * shortanswer: M2M set to false, columns are 3 or more
2016-12-21 17:45:08 [INFO]   * trueorfalse: M2M set to false, columns are 3 or more
2016-12-21 17:45:08 [INFO]   * user: M2M set to false, foreign keys not equal to 2
2016-12-21 17:45:08 [INFO] Start writing document "model.mwb"
2016-12-21 17:45:08 [INFO] Processing schema mydb:
2016-12-21 17:45:08 [INFO] Processing tables:
2016-12-21 17:45:08 [INFO] Writing table "Course"
2016-12-21 17:45:08 [INFO]   Writing 1 <=> ? relation "Enrollment"
2016-12-21 17:45:08 [INFO]   Relation considered as "1 <=> N"
2016-12-21 17:45:08 [INFO]   Writing 1 <=> ? relation "Multiplechoice"
2016-12-21 17:45:08 [INFO]   Relation considered as "1 <=> N"
2016-12-21 17:45:08 [INFO]   Writing 1 <=> ? relation "ResultMultiplechoice"
2016-12-21 17:45:08 [INFO]   Relation considered as "1 <=> N"
2016-12-21 17:45:08 [INFO]   Writing 1 <=> ? relation "ResultShortanswer"
2016-12-21 17:45:08 [INFO]   Relation considered as "1 <=> N"
2016-12-21 17:45:08 [INFO]   Writing 1 <=> ? relation "ResultTrueorfalse"
2016-12-21 17:45:08 [INFO]   Relation considered as "1 <=> N"
2016-12-21 17:45:08 [INFO]   Writing 1 <=> ? relation "Session"
2016-12-21 17:45:08 [INFO]   Relation considered as "1 <=> N"
2016-12-21 17:45:08 [INFO]   Writing 1 <=> ? relation "Shortanswer"
2016-12-21 17:45:08 [INFO]   Relation considered as "1 <=> N"
2016-12-21 17:45:08 [INFO]   Writing 1 <=> ? relation "Trueorfalse"
2016-12-21 17:45:08 [INFO]   Relation considered as "1 <=> N"
2016-12-21 17:45:08 [INFO]   Writing N <=> 1 constructor "Enrollment"
2016-12-21 17:45:08 [INFO]   Writing N <=> 1 constructor "Multiplechoice"
2016-12-21 17:45:08 [INFO]   Writing N <=> 1 constructor "ResultMultiplechoice"
2016-12-21 17:45:08 [INFO]   Writing N <=> 1 constructor "ResultShortanswer"
2016-12-21 17:45:08 [INFO]   Writing N <=> 1 constructor "ResultTrueorfalse"
2016-12-21 17:45:08 [INFO]   Writing N <=> 1 constructor "Session"
2016-12-21 17:45:08 [INFO]   Writing N <=> 1 constructor "Shortanswer"
2016-12-21 17:45:08 [INFO]   Writing N <=> 1 constructor "Trueorfalse"
2016-12-21 17:45:08 [INFO]   Writing setter/getter for column "id"
2016-12-21 17:45:08 [INFO]   Writing setter/getter for column "code"
2016-12-21 17:45:08 [INFO]   Writing setter/getter for column "createdat"
2016-12-21 17:45:08 [INFO]   Writing setter/getter for column "teacher"
2016-12-21 17:45:08 [INFO]   Writing setter/getter for column "email"
2016-12-21 17:45:08 [INFO]   Writing setter/getter for column "year"
2016-12-21 17:45:08 [INFO]   Writing setter/getter for column "period"
2016-12-21 17:45:08 [INFO]   Writing setter/getter for column "accesscode"
2016-12-21 17:45:08 [INFO]   Writing setter/getter for column "language"
2016-12-21 17:45:08 [INFO]   Writing setter/getter for N <=> ? "fk_enrollment_course"
2016-12-21 17:45:08 [INFO]   Applying setter/getter for "N <=> 1"
2016-12-21 17:45:08 [INFO]   Writing setter/getter for N <=> ? "fk_multiplechoice_course1"
2016-12-21 17:45:08 [INFO]   Applying setter/getter for "N <=> 1"
2016-12-21 17:45:08 [INFO]   Writing setter/getter for N <=> ? "fk_result_course10"
2016-12-21 17:45:08 [INFO]   Applying setter/getter for "N <=> 1"
2016-12-21 17:45:08 [INFO]   Writing setter/getter for N <=> ? "fk_result_course1"
2016-12-21 17:45:08 [INFO]   Applying setter/getter for "N <=> 1"
2016-12-21 17:45:08 [INFO]   Writing setter/getter for N <=> ? "fk_result_course11"
2016-12-21 17:45:08 [INFO]   Applying setter/getter for "N <=> 1"
2016-12-21 17:45:08 [INFO]   Writing setter/getter for N <=> ? "fk_session_course1"
2016-12-21 17:45:08 [INFO]   Applying setter/getter for "N <=> 1"
2016-12-21 17:45:08 [INFO]   Writing setter/getter for N <=> ? "fk_shortanswer_course1"
2016-12-21 17:45:08 [INFO]   Applying setter/getter for "N <=> 1"
2016-12-21 17:45:08 [INFO]   Writing setter/getter for N <=> ? "fk_trueorfalse_course1"
2016-12-21 17:45:08 [INFO]   Applying setter/getter for "N <=> 1"
2016-12-21 17:45:08 [INFO] * course: OK
2016-12-21 17:45:08 [INFO] Writing table "Enrollment"
2016-12-21 17:45:08 [INFO]   Writing N <=> ? relation "Course"
2016-12-21 17:45:08 [INFO]   Relation considered as "N <=> 1"
2016-12-21 17:45:08 [INFO]   Writing setter/getter for column "id"
2016-12-21 17:45:08 [INFO]   Writing setter/getter for column "rut"
2016-12-21 17:45:08 [INFO]   Writing setter/getter for column "course_id"
2016-12-21 17:45:08 [INFO]   Writing setter/getter for 1 <=> ? "fk_enrollment_course"
2016-12-21 17:45:08 [INFO]   Applying setter/getter for "1 <=> N"
2016-12-21 17:45:08 [INFO] * enrollment: OK
2016-12-21 17:45:08 [INFO] Writing table "Multiplechoice"
2016-12-21 17:45:08 [INFO]   Writing 1 <=> ? relation "ResultMultiplechoice"
2016-12-21 17:45:08 [INFO]   Relation considered as "1 <=> N"
2016-12-21 17:45:08 [INFO]   Writing N <=> ? relation "Session"
2016-12-21 17:45:08 [INFO]   Relation considered as "N <=> 1"
2016-12-21 17:45:08 [INFO]   Writing N <=> ? relation "Course"
2016-12-21 17:45:08 [INFO]   Relation considered as "N <=> 1"
2016-12-21 17:45:08 [INFO]   Writing N <=> 1 constructor "ResultMultiplechoice"
2016-12-21 17:45:08 [INFO]   Writing setter/getter for column "id"
2016-12-21 17:45:08 [INFO]   Writing setter/getter for column "title"
2016-12-21 17:45:08 [INFO]   Writing setter/getter for column "detail"
2016-12-21 17:45:08 [INFO]   Writing setter/getter for column "createdat"
2016-12-21 17:45:08 [INFO]   Writing setter/getter for column "lastchanges"
2016-12-21 17:45:08 [INFO]   Writing setter/getter for column "correctoption"
2016-12-21 17:45:08 [INFO]   Writing setter/getter for column "option1"
2016-12-21 17:45:08 [INFO]   Writing setter/getter for column "option2"
2016-12-21 17:45:08 [INFO]   Writing setter/getter for column "option3"
2016-12-21 17:45:08 [INFO]   Writing setter/getter for column "option4"
2016-12-21 17:45:08 [INFO]   Writing setter/getter for column "active"
2016-12-21 17:45:08 [INFO]   Writing setter/getter for column "session_id"
2016-12-21 17:45:08 [INFO]   Writing setter/getter for column "course_id"
2016-12-21 17:45:08 [INFO]   Writing setter/getter for N <=> ? "fk_result_copy1_multiplechoice1"
2016-12-21 17:45:08 [INFO]   Applying setter/getter for "N <=> 1"
2016-12-21 17:45:08 [INFO]   Writing setter/getter for 1 <=> ? "fk_multiplechoice_session1"
2016-12-21 17:45:08 [INFO]   Applying setter/getter for "1 <=> N"
2016-12-21 17:45:08 [INFO]   Writing setter/getter for 1 <=> ? "fk_multiplechoice_course1"
2016-12-21 17:45:08 [INFO]   Applying setter/getter for "1 <=> N"
2016-12-21 17:45:08 [INFO] * multiplechoice: OK
2016-12-21 17:45:08 [INFO] Writing table "ResultMultiplechoice"
2016-12-21 17:45:08 [INFO]   Writing N <=> ? relation "Session"
2016-12-21 17:45:08 [INFO]   Relation considered as "N <=> 1"
2016-12-21 17:45:08 [INFO]   Writing N <=> ? relation "Course"
2016-12-21 17:45:08 [INFO]   Relation considered as "N <=> 1"
2016-12-21 17:45:08 [INFO]   Writing N <=> ? relation "Multiplechoice"
2016-12-21 17:45:08 [INFO]   Relation considered as "N <=> 1"
2016-12-21 17:45:08 [INFO]   Writing setter/getter for column "id"
2016-12-21 17:45:08 [INFO]   Writing setter/getter for column "createdat"
2016-12-21 17:45:08 [INFO]   Writing setter/getter for column "rut"
2016-12-21 17:45:08 [INFO]   Writing setter/getter for column "iscorrect"
2016-12-21 17:45:08 [INFO]   Writing setter/getter for column "session_id"
2016-12-21 17:45:08 [INFO]   Writing setter/getter for column "course_id"
2016-12-21 17:45:08 [INFO]   Writing setter/getter for column "multiplechoice_id"
2016-12-21 17:45:08 [INFO]   Writing setter/getter for column "answer"
2016-12-21 17:45:08 [INFO]   Writing setter/getter for 1 <=> ? "fk_result_session10"
2016-12-21 17:45:08 [INFO]   Applying setter/getter for "1 <=> N"
2016-12-21 17:45:08 [INFO]   Writing setter/getter for 1 <=> ? "fk_result_course10"
2016-12-21 17:45:08 [INFO]   Applying setter/getter for "1 <=> N"
2016-12-21 17:45:08 [INFO]   Writing setter/getter for 1 <=> ? "fk_result_copy1_multiplechoice1"
2016-12-21 17:45:08 [INFO]   Applying setter/getter for "1 <=> N"
2016-12-21 17:45:08 [INFO] * result_multiplechoice: OK
2016-12-21 17:45:08 [INFO] Writing table "ResultShortanswer"
2016-12-21 17:45:08 [INFO]   Writing N <=> ? relation "Session"
2016-12-21 17:45:08 [INFO]   Relation considered as "N <=> 1"
2016-12-21 17:45:08 [INFO]   Writing N <=> ? relation "Course"
2016-12-21 17:45:08 [INFO]   Relation considered as "N <=> 1"
2016-12-21 17:45:08 [INFO]   Writing N <=> ? relation "Shortanswer"
2016-12-21 17:45:08 [INFO]   Relation considered as "N <=> 1"
2016-12-21 17:45:08 [INFO]   Writing setter/getter for column "id"
2016-12-21 17:45:08 [INFO]   Writing setter/getter for column "createdat"
2016-12-21 17:45:08 [INFO]   Writing setter/getter for column "rut"
2016-12-21 17:45:08 [INFO]   Writing setter/getter for column "answer"
2016-12-21 17:45:08 [INFO]   Writing setter/getter for column "session_id"
2016-12-21 17:45:08 [INFO]   Writing setter/getter for column "course_id"
2016-12-21 17:45:08 [INFO]   Writing setter/getter for column "shortanswer_id"
2016-12-21 17:45:08 [INFO]   Writing setter/getter for 1 <=> ? "fk_result_session1"
2016-12-21 17:45:08 [INFO]   Applying setter/getter for "1 <=> N"
2016-12-21 17:45:08 [INFO]   Writing setter/getter for 1 <=> ? "fk_result_course1"
2016-12-21 17:45:08 [INFO]   Applying setter/getter for "1 <=> N"
2016-12-21 17:45:08 [INFO]   Writing setter/getter for 1 <=> ? "fk_result_shortanswer1"
2016-12-21 17:45:08 [INFO]   Applying setter/getter for "1 <=> N"
2016-12-21 17:45:08 [INFO] * result_shortanswer: OK
2016-12-21 17:45:08 [INFO] Writing table "ResultTrueorfalse"
2016-12-21 17:45:08 [INFO]   Writing N <=> ? relation "Session"
2016-12-21 17:45:08 [INFO]   Relation considered as "N <=> 1"
2016-12-21 17:45:08 [INFO]   Writing N <=> ? relation "Course"
2016-12-21 17:45:08 [INFO]   Relation considered as "N <=> 1"
2016-12-21 17:45:08 [INFO]   Writing N <=> ? relation "Trueorfalse"
2016-12-21 17:45:08 [INFO]   Relation considered as "N <=> 1"
2016-12-21 17:45:08 [INFO]   Writing setter/getter for column "id"
2016-12-21 17:45:08 [INFO]   Writing setter/getter for column "createdat"
2016-12-21 17:45:08 [INFO]   Writing setter/getter for column "rut"
2016-12-21 17:45:08 [INFO]   Writing setter/getter for column "iscorrect"
2016-12-21 17:45:08 [INFO]   Writing setter/getter for column "session_id"
2016-12-21 17:45:08 [INFO]   Writing setter/getter for column "course_id"
2016-12-21 17:45:08 [INFO]   Writing setter/getter for column "trueorfalse_id"
2016-12-21 17:45:08 [INFO]   Writing setter/getter for column "answer"
2016-12-21 17:45:08 [INFO]   Writing setter/getter for 1 <=> ? "fk_result_session11"
2016-12-21 17:45:08 [INFO]   Applying setter/getter for "1 <=> N"
2016-12-21 17:45:08 [INFO]   Writing setter/getter for 1 <=> ? "fk_result_course11"
2016-12-21 17:45:08 [INFO]   Applying setter/getter for "1 <=> N"
2016-12-21 17:45:08 [INFO]   Writing setter/getter for 1 <=> ? "fk_result_trueorfalse_trueorfalse1"
2016-12-21 17:45:08 [INFO]   Applying setter/getter for "1 <=> N"
2016-12-21 17:45:08 [INFO] * result_trueorfalse: OK
2016-12-21 17:45:08 [INFO] Writing table "Session"
2016-12-21 17:45:08 [INFO]   Writing 1 <=> ? relation "Multiplechoice"
2016-12-21 17:45:08 [INFO]   Relation considered as "1 <=> N"
2016-12-21 17:45:08 [INFO]   Writing 1 <=> ? relation "ResultMultiplechoice"
2016-12-21 17:45:08 [INFO]   Relation considered as "1 <=> N"
2016-12-21 17:45:08 [INFO]   Writing 1 <=> ? relation "ResultShortanswer"
2016-12-21 17:45:08 [INFO]   Relation considered as "1 <=> N"
2016-12-21 17:45:08 [INFO]   Writing 1 <=> ? relation "ResultTrueorfalse"
2016-12-21 17:45:08 [INFO]   Relation considered as "1 <=> N"
2016-12-21 17:45:08 [INFO]   Writing 1 <=> ? relation "Shortanswer"
2016-12-21 17:45:08 [INFO]   Relation considered as "1 <=> N"
2016-12-21 17:45:08 [INFO]   Writing 1 <=> ? relation "Trueorfalse"
2016-12-21 17:45:08 [INFO]   Relation considered as "1 <=> N"
2016-12-21 17:45:08 [INFO]   Writing N <=> ? relation "Course"
2016-12-21 17:45:08 [INFO]   Relation considered as "N <=> 1"
2016-12-21 17:45:08 [INFO]   Writing N <=> 1 constructor "Multiplechoice"
2016-12-21 17:45:08 [INFO]   Writing N <=> 1 constructor "ResultMultiplechoice"
2016-12-21 17:45:08 [INFO]   Writing N <=> 1 constructor "ResultShortanswer"
2016-12-21 17:45:08 [INFO]   Writing N <=> 1 constructor "ResultTrueorfalse"
2016-12-21 17:45:08 [INFO]   Writing N <=> 1 constructor "Shortanswer"
2016-12-21 17:45:08 [INFO]   Writing N <=> 1 constructor "Trueorfalse"
2016-12-21 17:45:08 [INFO]   Writing setter/getter for column "id"
2016-12-21 17:45:08 [INFO]   Writing setter/getter for column "title"
2016-12-21 17:45:08 [INFO]   Writing setter/getter for column "detail"
2016-12-21 17:45:08 [INFO]   Writing setter/getter for column "createdat"
2016-12-21 17:45:08 [INFO]   Writing setter/getter for column "finishedat"
2016-12-21 17:45:08 [INFO]   Writing setter/getter for column "order"
2016-12-21 17:45:08 [INFO]   Writing setter/getter for column "course_id"
2016-12-21 17:45:08 [INFO]   Writing setter/getter for N <=> ? "fk_multiplechoice_session1"
2016-12-21 17:45:08 [INFO]   Applying setter/getter for "N <=> 1"
2016-12-21 17:45:08 [INFO]   Writing setter/getter for N <=> ? "fk_result_session10"
2016-12-21 17:45:08 [INFO]   Applying setter/getter for "N <=> 1"
2016-12-21 17:45:08 [INFO]   Writing setter/getter for N <=> ? "fk_result_session1"
2016-12-21 17:45:08 [INFO]   Applying setter/getter for "N <=> 1"
2016-12-21 17:45:08 [INFO]   Writing setter/getter for N <=> ? "fk_result_session11"
2016-12-21 17:45:08 [INFO]   Applying setter/getter for "N <=> 1"
2016-12-21 17:45:08 [INFO]   Writing setter/getter for N <=> ? "fk_shortanswer_session1"
2016-12-21 17:45:08 [INFO]   Applying setter/getter for "N <=> 1"
2016-12-21 17:45:08 [INFO]   Writing setter/getter for N <=> ? "fk_trueorfalse_session1"
2016-12-21 17:45:08 [INFO]   Applying setter/getter for "N <=> 1"
2016-12-21 17:45:08 [INFO]   Writing setter/getter for 1 <=> ? "fk_session_course1"
2016-12-21 17:45:08 [INFO]   Applying setter/getter for "1 <=> N"
2016-12-21 17:45:08 [INFO] * session: OK
2016-12-21 17:45:08 [INFO] Writing table "Shortanswer"
2016-12-21 17:45:08 [INFO]   Writing 1 <=> ? relation "ResultShortanswer"
2016-12-21 17:45:08 [INFO]   Relation considered as "1 <=> N"
2016-12-21 17:45:08 [INFO]   Writing N <=> ? relation "Session"
2016-12-21 17:45:08 [INFO]   Relation considered as "N <=> 1"
2016-12-21 17:45:08 [INFO]   Writing N <=> ? relation "Course"
2016-12-21 17:45:08 [INFO]   Relation considered as "N <=> 1"
2016-12-21 17:45:08 [INFO]   Writing N <=> 1 constructor "ResultShortanswer"
2016-12-21 17:45:08 [INFO]   Writing setter/getter for column "id"
2016-12-21 17:45:08 [INFO]   Writing setter/getter for column "title"
2016-12-21 17:45:08 [INFO]   Writing setter/getter for column "detail"
2016-12-21 17:45:08 [INFO]   Writing setter/getter for column "createdat"
2016-12-21 17:45:08 [INFO]   Writing setter/getter for column "lastchanges"
2016-12-21 17:45:08 [INFO]   Writing setter/getter for column "suggestion"
2016-12-21 17:45:08 [INFO]   Writing setter/getter for column "active"
2016-12-21 17:45:08 [INFO]   Writing setter/getter for column "session_id"
2016-12-21 17:45:08 [INFO]   Writing setter/getter for column "course_id"
2016-12-21 17:45:08 [INFO]   Writing setter/getter for N <=> ? "fk_result_shortanswer1"
2016-12-21 17:45:08 [INFO]   Applying setter/getter for "N <=> 1"
2016-12-21 17:45:08 [INFO]   Writing setter/getter for 1 <=> ? "fk_shortanswer_session1"
2016-12-21 17:45:08 [INFO]   Applying setter/getter for "1 <=> N"
2016-12-21 17:45:08 [INFO]   Writing setter/getter for 1 <=> ? "fk_shortanswer_course1"
2016-12-21 17:45:08 [INFO]   Applying setter/getter for "1 <=> N"
2016-12-21 17:45:08 [INFO] * shortanswer: OK
2016-12-21 17:45:08 [INFO] Writing table "Trueorfalse"
2016-12-21 17:45:08 [INFO]   Writing 1 <=> ? relation "ResultTrueorfalse"
2016-12-21 17:45:08 [INFO]   Relation considered as "1 <=> N"
2016-12-21 17:45:08 [INFO]   Writing N <=> ? relation "Session"
2016-12-21 17:45:08 [INFO]   Relation considered as "N <=> 1"
2016-12-21 17:45:08 [INFO]   Writing N <=> ? relation "Course"
2016-12-21 17:45:08 [INFO]   Relation considered as "N <=> 1"
2016-12-21 17:45:08 [INFO]   Writing N <=> 1 constructor "ResultTrueorfalse"
2016-12-21 17:45:08 [INFO]   Writing setter/getter for column "id"
2016-12-21 17:45:08 [INFO]   Writing setter/getter for column "title"
2016-12-21 17:45:08 [INFO]   Writing setter/getter for column "detail"
2016-12-21 17:45:08 [INFO]   Writing setter/getter for column "createdat"
2016-12-21 17:45:08 [INFO]   Writing setter/getter for column "lastchanges"
2016-12-21 17:45:08 [INFO]   Writing setter/getter for column "correctoption"
2016-12-21 17:45:08 [INFO]   Writing setter/getter for column "active"
2016-12-21 17:45:08 [INFO]   Writing setter/getter for column "session_id"
2016-12-21 17:45:08 [INFO]   Writing setter/getter for column "course_id"
2016-12-21 17:45:08 [INFO]   Writing setter/getter for N <=> ? "fk_result_trueorfalse_trueorfalse1"
2016-12-21 17:45:08 [INFO]   Applying setter/getter for "N <=> 1"
2016-12-21 17:45:08 [INFO]   Writing setter/getter for 1 <=> ? "fk_trueorfalse_session1"
2016-12-21 17:45:08 [INFO]   Applying setter/getter for "1 <=> N"
2016-12-21 17:45:08 [INFO]   Writing setter/getter for 1 <=> ? "fk_trueorfalse_course1"
2016-12-21 17:45:08 [INFO]   Applying setter/getter for "1 <=> N"
2016-12-21 17:45:08 [INFO] * trueorfalse: OK
2016-12-21 17:45:08 [INFO] Writing table "User"
2016-12-21 17:45:08 [INFO]   Writing setter/getter for column "id"
2016-12-21 17:45:08 [INFO] * user: OK
2016-12-21 17:45:08 [INFO] Processing views:
2016-12-21 17:45:08 [INFO] Done writing document
